<?xml version="1.0" encoding="UTF-8"?>
<!-- Generated by org.testng.reporters.JUnitReportReporter -->
<testsuite hostname="JoseiSantiago" failures="0" tests="1" name="RunCucumberTest" time="11.185" errors="0" timestamp="2024-07-23T11:27:06 PET" skipped="0">
  <testcase classname="RunCucumberTest" name="runScenario" time="11.185"/>
  <system-out/>
</testsuite> <!-- RunCucumberTest -->
